[0m08:32:31.410702 [debug] [MainThread]: Sending event: {'category': 'dbt', 'action': 'invocation', 'label': 'start', 'context': [<snowplow_tracker.self_describing_json.SelfDescribingJson object at 0x7f89234a16f0>, <snowplow_tracker.self_describing_json.SelfDescribingJson object at 0x7f892136add0>, <snowplow_tracker.self_describing_json.SelfDescribingJson object at 0x7f892136ad70>]}


============================== 08:32:31.413900 | eb94e820-00d4-4fe9-80e2-414c31a9c5c2 ==============================
[0m08:32:31.413900 [info ] [MainThread]: Running with dbt=1.7.8
[0m08:32:31.414387 [debug] [MainThread]: running dbt with arguments {'printer_width': '80', 'indirect_selection': 'eager', 'log_cache_events': 'False', 'write_json': 'True', 'partial_parse': 'True', 'cache_selected_only': 'False', 'warn_error': 'None', 'debug': 'False', 'profiles_dir': '/home/marcos/.dbt', 'log_path': 'logs', 'fail_fast': 'False', 'version_check': 'True', 'use_colors': 'True', 'use_experimental_parser': 'False', 'no_print': 'None', 'quiet': 'False', 'warn_error_options': 'WarnErrorOptions(include=[], exclude=[])', 'introspect': 'True', 'invocation_command': 'dbt init', 'log_format': 'default', 'target_path': 'None', 'static_parser': 'True', 'send_anonymous_usage_stats': 'True'}
[0m08:33:48.577180 [debug] [MainThread]: Starter project path: /home/marcos/.local/lib/python3.10/site-packages/dbt/include/starter_project
[0m08:33:48.586316 [info ] [MainThread]: 
Your new dbt project "taxi_rides_ny" was created!

For more information on how to configure the profiles.yml file,
please consult the dbt documentation here:

  https://docs.getdbt.com/docs/configure-your-profile

One more thing:

Need help? Don't hesitate to reach out to us via GitHub issues or on Slack:

  https://community.getdbt.com/

Happy modeling!

[0m08:33:48.586762 [info ] [MainThread]: Setting up your profile.
[0m08:33:48.587336 [error] [MainThread]: Encountered an error:
Runtime Error
  No adapters available. Learn how to install an adapter by going to https://docs.getdbt.com/docs/connect-adapters#install-using-the-cli
[0m08:33:48.588980 [debug] [MainThread]: Resource report: {"command_name": "init", "command_wall_clock_time": 77.18474, "process_user_time": 1.668917, "process_kernel_time": 0.088048, "process_mem_max_rss": "103128", "process_in_blocks": "920", "process_out_blocks": "72", "command_success": false}
[0m08:33:48.589753 [debug] [MainThread]: Command `dbt init` failed at 08:33:48.589554 after 77.19 seconds
[0m08:33:48.590347 [debug] [MainThread]: Sending event: {'category': 'dbt', 'action': 'invocation', 'label': 'end', 'context': [<snowplow_tracker.self_describing_json.SelfDescribingJson object at 0x7f89234a16f0>, <snowplow_tracker.self_describing_json.SelfDescribingJson object at 0x7f892136af50>, <snowplow_tracker.self_describing_json.SelfDescribingJson object at 0x7f892136b040>]}
[0m08:33:48.590833 [debug] [MainThread]: Flushing usage events
